(*
    Copyright Â© 2011 MLstate

    This file is part of Opa.

    Opa is free software: you can redistribute it and/or modify it under the
    terms of the GNU Affero General Public License, version 3, as published by
    the Free Software Foundation.

    Opa is distributed in the hope that it will be useful, but WITHOUT ANY
    WARRANTY; without even the implied warranty of MERCHANTABILITY or FITNESS
    FOR A PARTICULAR PURPOSE. See the GNU Affero General Public License for
    more details.

    You should have received a copy of the GNU Affero General Public License
    along with Opa. If not, see <http://www.gnu.org/licenses/>.
*)
/** html entity **/
def            <-
  / "Aacute"   {{ "\195\129" }}          # 193
  / "aacute"   {{ "\195\161" }}          # 225
  / "Acirc"    {{ "\195\130" }}          # 194
  / "acirc"    {{ "\195\162" }}          # 226
  / "acute"    {{ "\194\180" }}          # 180
  / "AElig"    {{ "\195\134" }}          # 198
  / "aelig"    {{ "\195\166" }}          # 230
  / "Agrave"   {{ "\195\128" }}          # 192
  / "agrave"   {{ "\195\160" }}          # 224
  / "alefsym"  {{ "\226\132\181" }}      # 8501
  / "Alpha"    {{ "\206\145" }}          # 913
  / "alpha"    {{ "\206\177" }}          # 945
  / "amp"      {{ "\038" }}              # 38
  / "and"      {{ "\226\136\167" }}      # 8743
  / "ang"      {{ "\226\136\160" }}      # 8736
  / "Aring"    {{ "\195\133" }}          # 197
  / "aring"    {{ "\195\165" }}          # 229
  / "asymp"    {{ "\226\137\136" }}      # 8776
  / "Atilde"   {{ "\195\131" }}          # 195
  / "atilde"   {{ "\195\163" }}          # 227
  / "Auml"     {{ "\195\132" }}          # 196
  / "auml"     {{ "\195\164" }}          # 228
  / "bdquo"    {{ "\226\128\158" }}      # 8222
  / "Beta"     {{ "\206\146" }}          # 914
  / "beta"     {{ "\206\178" }}          # 946
  / "brvbar"   {{ "\194\166" }}          # 166
  / "bull"     {{ "\226\128\162" }}      # 8226
  / "cap"      {{ "\226\136\169" }}      # 8745
  / "Ccedil"   {{ "\195\135" }}          # 199
  / "ccedil"   {{ "\195\167" }}          # 231
  / "cedil"    {{ "\194\184" }}          # 184
  / "cent"     {{ "\194\162" }}          # 162
  / "Chi"      {{ "\206\167" }}          # 935
  / "chi"      {{ "\207\135" }}          # 967
  / "circ"     {{ "\203\134" }}          # 710
  / "clubs"    {{ "\226\153\163" }}      # 9827
  / "cong"     {{ "\226\137\133" }}      # 8773
  / "copy"     {{ "\194\169" }}          # 169
  / "crarr"    {{ "\226\134\181" }}      # 8629
  / "cup"      {{ "\226\136\170" }}      # 8746
  / "curren"   {{ "\194\164" }}          # 164
  / "dagger"   {{ "\226\128\160" }}      # 8224
  / "Dagger"   {{ "\226\128\161" }}      # 8225
  / "darr"     {{ "\226\134\147" }}      # 8595
  / "dArr"     {{ "\226\135\147" }}      # 8659
  / "deg"      {{ "\194\176" }}          # 176
  / "Delta"    {{ "\206\148" }}          # 916
  / "delta"    {{ "\206\180" }}          # 948
  / "diams"    {{ "\226\153\166" }}      # 9830
  / "divide"   {{ "\195\183" }}          # 247
  / "Eacute"   {{ "\195\137" }}          # 201
  / "eacute"   {{ "\195\169" }}          # 233
  / "Ecirc"    {{ "\195\138" }}          # 202
  / "ecirc"    {{ "\195\170" }}          # 234
  / "Egrave"   {{ "\195\136" }}          # 200
  / "egrave"   {{ "\195\168" }}          # 232
  / "empty"    {{ "\226\136\133" }}      # 8709
  / "emsp"     {{ "\226\128\131" }}      # 8195
  / "ensp"     {{ "\226\128\130" }}      # 8194
  / "Epsilon"  {{ "\206\149" }}          # 917
  / "epsilon"  {{ "\206\181" }}          # 949
  / "equiv"    {{ "\226\137\161" }}      # 8801
  / "Eta"      {{ "\206\151" }}          # 919
  / "eta"      {{ "\206\183" }}          # 951
  / "ETH"      {{ "\195\144" }}          # 208
  / "eth"      {{ "\195\176" }}          # 240
  / "Euml"     {{ "\195\139" }}          # 203
  / "euml"     {{ "\195\171" }}          # 235
  / "euro"     {{ "\226\130\172" }}      # 8364
  / "exist"    {{ "\226\136\131" }}      # 8707
  / "fnof"     {{ "\198\146" }}          # 402
  / "forall"   {{ "\226\136\128" }}      # 8704
  / "frac12"   {{ "\194\189" }}          # 189
  / "frac14"   {{ "\194\188" }}          # 188
  / "frac34"   {{ "\194\190" }}          # 190
  / "frasl"    {{ "\226\129\132" }}      # 8260
  / "Gamma"    {{ "\206\147" }}          # 915
  / "gamma"    {{ "\206\179" }}          # 947
  / "ge"       {{ "\226\137\165" }}      # 8805
  / "gt"       {{ "\062" }}              # 62
  / "harr"     {{ "\226\134\148" }}      # 8596
  / "hArr"     {{ "\226\135\148" }}      # 8660
  / "hearts"   {{ "\226\153\165" }}      # 9829
  / "hellip"   {{ "\226\128\166" }}      # 8230
  / "Iacute"   {{ "\195\141" }}          # 205
  / "iacute"   {{ "\195\173" }}          # 237
  / "Icirc"    {{ "\195\142" }}          # 206
  / "icirc"    {{ "\195\174" }}          # 238
  / "iexcl"    {{ "\194\161" }}          # 161
  / "Igrave"   {{ "\195\140" }}          # 204
  / "igrave"   {{ "\195\172" }}          # 236
  / "image"    {{ "\226\132\145" }}      # 8465
  / "infin"    {{ "\226\136\158" }}      # 8734
  / "int"      {{ "\226\136\171" }}      # 8747
  / "Iota"     {{ "\206\153" }}          # 921
  / "iota"     {{ "\206\185" }}          # 953
  / "iquest"   {{ "\194\191" }}          # 191
  / "isin"     {{ "\226\136\136" }}      # 8712
  / "Iuml"     {{ "\195\143" }}          # 207
  / "iuml"     {{ "\195\175" }}          # 239
  / "Kappa"    {{ "\206\154" }}          # 922
  / "kappa"    {{ "\206\186" }}          # 954
  / "Lambda"   {{ "\206\155" }}          # 923
  / "lambda"   {{ "\206\187" }}          # 955
  / "lang"     {{ "\226\140\169" }}      # 9001
  / "laquo"    {{ "\194\171" }}          # 171
  / "larr"     {{ "\226\134\144" }}      # 8592
  / "lArr"     {{ "\226\135\144" }}      # 8656
  / "lceil"    {{ "\226\140\136" }}      # 8968
  / "ldquo"    {{ "\226\128\156" }}      # 8220
  / "le"       {{ "\226\137\164" }}      # 8804
  / "lfloor"   {{ "\226\140\138" }}      # 8970
  / "lowast"   {{ "\226\136\151" }}      # 8727
  / "loz"      {{ "\226\151\138" }}      # 9674
  / "lrm"      {{ "\226\128\142" }}      # 8206
  / "lsaquo"   {{ "\226\128\185" }}      # 8249
  / "lsquo"    {{ "\226\128\152" }}      # 8216
  / "lt"       {{ "\060" }}              # 60
  / "macr"     {{ "\194\175" }}          # 175
  / "mdash"    {{ "\226\128\148" }}      # 8212
  / "micro"    {{ "\194\181" }}          # 181
  / "middot"   {{ "\194\183" }}          # 183
  / "minus"    {{ "\226\136\146" }}      # 8722
  / "Mu"       {{ "\206\156" }}          # 924
  / "mu"       {{ "\206\188" }}          # 956
  / "nabla"    {{ "\226\136\135" }}      # 8711
  / "nbsp"     {{ "\194\160" }}          # 160
  / "ndash"    {{ "\226\128\147" }}      # 8211
  / "ne"       {{ "\226\137\160" }}      # 8800
  / "ni"       {{ "\226\136\139" }}      # 8715
  / "notin"    {{ "\226\136\137" }}      # 8713
  / "not"      {{ "\194\172" }}          # 172
  / "nsub"     {{ "\226\138\132" }}      # 8836
  / "Ntilde"   {{ "\195\145" }}          # 209
  / "ntilde"   {{ "\195\177" }}          # 241
  / "Nu"       {{ "\206\157" }}          # 925
  / "nu"       {{ "\206\189" }}          # 957
  / "Oacute"   {{ "\195\147" }}          # 211
  / "oacute"   {{ "\195\179" }}          # 243
  / "Ocirc"    {{ "\195\148" }}          # 212
  / "ocirc"    {{ "\195\180" }}          # 244
  / "OElig"    {{ "\197\146" }}          # 338
  / "oelig"    {{ "\197\147" }}          # 339
  / "Ograve"   {{ "\195\146" }}          # 210
  / "ograve"   {{ "\195\178" }}          # 242
  / "oline"    {{ "\226\128\190" }}      # 8254
  / "Omega"    {{ "\206\169" }}          # 937
  / "omega"    {{ "\207\137" }}          # 969
  / "Omicron"  {{ "\206\159" }}          # 927
  / "omicron"  {{ "\206\191" }}          # 959
  / "oplus"    {{ "\226\138\149" }}      # 8853
  / "ordf"     {{ "\194\170" }}          # 170
  / "ordm"     {{ "\194\186" }}          # 186
  / "or"       {{ "\226\136\168" }}      # 8744
  / "Oslash"   {{ "\195\152" }}          # 216
  / "oslash"   {{ "\195\184" }}          # 248
  / "Otilde"   {{ "\195\149" }}          # 213
  / "otilde"   {{ "\195\181" }}          # 245
  / "otimes"   {{ "\226\138\151" }}      # 8855
  / "Ouml"     {{ "\195\150" }}          # 214
  / "ouml"     {{ "\195\182" }}          # 246
  / "para"     {{ "\194\182" }}          # 182
  / "part"     {{ "\226\136\130" }}      # 8706
  / "permil"   {{ "\226\128\176" }}      # 8240
  / "perp"     {{ "\226\138\165" }}      # 8869
  / "Phi"      {{ "\206\166" }}          # 934
  / "phi"      {{ "\207\134" }}          # 966
  / "Pi"       {{ "\206\160" }}          # 928
  / "piv"      {{ "\207\150" }}          # 982
  / "pi"       {{ "\207\128" }}          # 960
  / "plusmn"   {{ "\194\177" }}          # 177
  / "pound"    {{ "\194\163" }}          # 163
  / "prime"    {{ "\226\128\178" }}      # 8242
  / "Prime"    {{ "\226\128\179" }}      # 8243
  / "prod"     {{ "\226\136\143" }}      # 8719
  / "prop"     {{ "\226\136\157" }}      # 8733
  / "Psi"      {{ "\206\168" }}          # 936
  / "psi"      {{ "\207\136" }}          # 968
  / "quot"     {{ "\034" }}              # 34
  / "radic"    {{ "\226\136\154" }}      # 8730
  / "rang"     {{ "\226\140\170" }}      # 9002
  / "raquo"    {{ "\194\187" }}          # 187
  / "rarr"     {{ "\226\134\146" }}      # 8594
  / "rArr"     {{ "\226\135\146" }}      # 8658
  / "rceil"    {{ "\226\140\137" }}      # 8969
  / "rdquo"    {{ "\226\128\157" }}      # 8221
  / "real"     {{ "\226\132\156" }}      # 8476
  / "reg"      {{ "\194\174" }}          # 174
  / "rfloor"   {{ "\226\140\139" }}      # 8971
  / "Rho"      {{ "\206\161" }}          # 929
  / "rho"      {{ "\207\129" }}          # 961
  / "rlm"      {{ "\226\128\143" }}      # 8207
  / "rsaquo"   {{ "\226\128\186" }}      # 8250
  / "rsquo"    {{ "\226\128\153" }}      # 8217
  / "sbquo"    {{ "\226\128\154" }}      # 8218
  / "Scaron"   {{ "\197\160" }}          # 352
  / "scaron"   {{ "\197\161" }}          # 353
  / "sdot"     {{ "\226\139\133" }}      # 8901
  / "sect"     {{ "\194\167" }}          # 167
  / "shy"      {{ "\194\173" }}          # 173
  / "Sigma"    {{ "\206\163" }}          # 931
  / "sigmaf"   {{ "\207\130" }}          # 962
  / "sigma"    {{ "\207\131" }}          # 963
  / "sim"      {{ "\226\136\188" }}      # 8764
  / "spades"   {{ "\226\153\160" }}      # 9824
  / "sube"     {{ "\226\138\134" }}      # 8838
  / "sub"      {{ "\226\138\130" }}      # 8834
  / "sum"      {{ "\226\136\145" }}      # 8721
  / "supe"     {{ "\226\138\135" }}      # 8839
  / "sup1"     {{ "\194\185" }}          # 185
  / "sup2"     {{ "\194\178" }}          # 178
  / "sup3"     {{ "\194\179" }}          # 179
  / "sup"      {{ "\226\138\131" }}      # 8835
  / "szlig"    {{ "\195\159" }}          # 223
  / "Tau"      {{ "\206\164" }}          # 932
  / "tau"      {{ "\207\132" }}          # 964
  / "there4"   {{ "\226\136\180" }}      # 8756
  / "Theta"    {{ "\206\152" }}          # 920
  / "thetasym" {{ "\207\145" }}          # 977
  / "theta"    {{ "\206\184" }}          # 952
  / "thinsp"   {{ "\226\128\137" }}      # 8201
  / "THORN"    {{ "\195\158" }}          # 222
  / "thorn"    {{ "\195\190" }}          # 254
  / "tilde"    {{ "\203\156" }}          # 732
  / "times"    {{ "\195\151" }}          # 215
  / "trade"    {{ "\226\132\162" }}      # 8482
  / "Uacute"   {{ "\195\154" }}          # 218
  / "uacute"   {{ "\195\186" }}          # 250
  / "uarr"     {{ "\226\134\145" }}      # 8593
  / "uArr"     {{ "\226\135\145" }}      # 8657
  / "Ucirc"    {{ "\195\155" }}          # 219
  / "ucirc"    {{ "\195\187" }}          # 251
  / "Ugrave"   {{ "\195\153" }}          # 217
  / "ugrave"   {{ "\195\185" }}          # 249
  / "uml"      {{ "\194\168" }}          # 168
  / "upsih"    {{ "\207\146" }}          # 978
  / "Upsilon"  {{ "\206\165" }}          # 933
  / "upsilon"  {{ "\207\133" }}          # 965
  / "Uuml"     {{ "\195\156" }}          # 220
  / "uuml"     {{ "\195\188" }}          # 252
  / "weierp"   {{ "\226\132\152" }}      # 8472
  / "Xi"       {{ "\206\158" }}          # 926
  / "xi"       {{ "\206\190" }}          # 958
  / "Yacute"   {{ "\195\157" }}          # 221
  / "yacute"   {{ "\195\189" }}          # 253
  / "yen"      {{ "\194\165" }}          # 165
  / "Yuml"     {{ "\197\184" }}          # 376
  / "yuml"     {{ "\195\191" }}          # 255
  / "Zeta"     {{ "\206\150" }}          # 918
  / "zeta"     {{ "\206\182" }}          # 950
  / "zwj"      {{ "\226\128\141" }}      # 8205
  / "zwnj"     {{ "\226\128\140" }}      # 8204
