read opa_parser.trx
