../classic_syntax/html5.trx