../classic_syntax/string_expr.trx