../classic_syntax/xml.trx