../classic_syntax/parser_path.trx